0 info it worked if it ends with ok
1 verbose cli [ '/usr/local/bin/node', '/usr/local/bin/npm', 'run', 'lint' ]
2 info using npm@3.3.12
3 info using node@v5.4.1
4 verbose run-script [ 'prelint', 'lint', 'postlint' ]
5 info lifecycle ts-react-boilerplate@0.0.1~prelint: ts-react-boilerplate@0.0.1
6 silly lifecycle ts-react-boilerplate@0.0.1~prelint: no script for prelint, continuing
7 info lifecycle ts-react-boilerplate@0.0.1~lint: ts-react-boilerplate@0.0.1
8 verbose lifecycle ts-react-boilerplate@0.0.1~lint: unsafe-perm in lifecycle true
9 verbose lifecycle ts-react-boilerplate@0.0.1~lint: PATH: /usr/local/lib/node_modules/npm/bin/node-gyp-bin:/Users/PenguinSoccer/Documents/projects/ts-react-boilerplate/node_modules/.bin:/usr/local/bin:/usr/bin:/bin:/usr/sbin:/sbin:/usr/local/go/bin
10 verbose lifecycle ts-react-boilerplate@0.0.1~lint: CWD: /Users/PenguinSoccer/Documents/projects/ts-react-boilerplate
11 silly lifecycle ts-react-boilerplate@0.0.1~lint: Args: [ '-c', 'tslint index.ts -c tslint.json' ]
12 silly lifecycle ts-react-boilerplate@0.0.1~lint: Returned: code: 2  signal: null
13 info lifecycle ts-react-boilerplate@0.0.1~lint: Failed to exec lint script
14 verbose stack Error: ts-react-boilerplate@0.0.1 lint: `tslint index.ts -c tslint.json`
14 verbose stack Exit status 2
14 verbose stack     at EventEmitter.<anonymous> (/usr/local/lib/node_modules/npm/lib/utils/lifecycle.js:232:16)
14 verbose stack     at emitTwo (events.js:87:13)
14 verbose stack     at EventEmitter.emit (events.js:172:7)
14 verbose stack     at ChildProcess.<anonymous> (/usr/local/lib/node_modules/npm/lib/utils/spawn.js:24:14)
14 verbose stack     at emitTwo (events.js:87:13)
14 verbose stack     at ChildProcess.emit (events.js:172:7)
14 verbose stack     at maybeClose (internal/child_process.js:821:16)
14 verbose stack     at Process.ChildProcess._handle.onexit (internal/child_process.js:211:5)
15 verbose pkgid ts-react-boilerplate@0.0.1
16 verbose cwd /Users/PenguinSoccer/Documents/projects/ts-react-boilerplate
17 error Darwin 15.3.0
18 error argv "/usr/local/bin/node" "/usr/local/bin/npm" "run" "lint"
19 error node v5.4.1
20 error npm  v3.3.12
21 error code ELIFECYCLE
22 error ts-react-boilerplate@0.0.1 lint: `tslint index.ts -c tslint.json`
22 error Exit status 2
23 error Failed at the ts-react-boilerplate@0.0.1 lint script 'tslint index.ts -c tslint.json'.
23 error Make sure you have the latest version of node.js and npm installed.
23 error If you do, this is most likely a problem with the ts-react-boilerplate package,
23 error not with npm itself.
23 error Tell the author that this fails on your system:
23 error     tslint index.ts -c tslint.json
23 error You can get their info via:
23 error     npm owner ls ts-react-boilerplate
23 error There is likely additional logging output above.
24 verbose exit [ 1, true ]
